F:\AIENGINE\GP\UNITS' PLACMENT IMP\GENERIC MULTI LAYER CLASSIFIER NEURAL NETWORK\DEBUG\MLP.EXE
F:\AIENGINE\GP\UNITS' PLACMENT IMP\GENERIC MULTI LAYER CLASSIFIER NEURAL NETWORK\DEBUG\MLP.ILK
F:\AIENGINE\GP\UNITS' PLACMENT IMP\GENERIC MULTI LAYER CLASSIFIER NEURAL NETWORK\DEBUG\MLP.PDB
F:\AIEngine\GP\units' placment imp\Generic Multi Layer Classifier Neural Network\MLP\Debug\cl.command.1.tlog
F:\AIEngine\GP\units' placment imp\Generic Multi Layer Classifier Neural Network\MLP\Debug\CL.read.1.tlog
F:\AIEngine\GP\units' placment imp\Generic Multi Layer Classifier Neural Network\MLP\Debug\CL.write.1.tlog
F:\AIENGINE\GP\UNITS' PLACMENT IMP\GENERIC MULTI LAYER CLASSIFIER NEURAL NETWORK\MLP\DEBUG\FILEREADER.OBJ
F:\AIENGINE\GP\UNITS' PLACMENT IMP\GENERIC MULTI LAYER CLASSIFIER NEURAL NETWORK\MLP\DEBUG\LAYER.OBJ
F:\AIEngine\GP\units' placment imp\Generic Multi Layer Classifier Neural Network\MLP\Debug\link.500.read.1.tlog
F:\AIEngine\GP\units' placment imp\Generic Multi Layer Classifier Neural Network\MLP\Debug\link.500.write.1.tlog
F:\AIEngine\GP\units' placment imp\Generic Multi Layer Classifier Neural Network\MLP\Debug\link.500-cvtres.read.1.tlog
F:\AIEngine\GP\units' placment imp\Generic Multi Layer Classifier Neural Network\MLP\Debug\link.500-cvtres.write.1.tlog
F:\AIEngine\GP\units' placment imp\Generic Multi Layer Classifier Neural Network\MLP\Debug\link.command.1.tlog
F:\AIEngine\GP\units' placment imp\Generic Multi Layer Classifier Neural Network\MLP\Debug\link.read.1.tlog
F:\AIEngine\GP\units' placment imp\Generic Multi Layer Classifier Neural Network\MLP\Debug\link.write.1.tlog
F:\AIEngine\GP\units' placment imp\Generic Multi Layer Classifier Neural Network\MLP\Debug\link-cvtres.read.1.tlog
F:\AIEngine\GP\units' placment imp\Generic Multi Layer Classifier Neural Network\MLP\Debug\link-cvtres.write.1.tlog
F:\AIENGINE\GP\UNITS' PLACMENT IMP\GENERIC MULTI LAYER CLASSIFIER NEURAL NETWORK\MLP\DEBUG\MAIN.OBJ
F:\AIENGINE\GP\UNITS' PLACMENT IMP\GENERIC MULTI LAYER CLASSIFIER NEURAL NETWORK\MLP\DEBUG\MLP.EXE.EMBED.MANIFEST
F:\AIENGINE\GP\UNITS' PLACMENT IMP\GENERIC MULTI LAYER CLASSIFIER NEURAL NETWORK\MLP\DEBUG\MLP.EXE.EMBED.MANIFEST.RES
F:\AIENGINE\GP\UNITS' PLACMENT IMP\GENERIC MULTI LAYER CLASSIFIER NEURAL NETWORK\MLP\DEBUG\MLP.EXE.INTERMEDIATE.MANIFEST
F:\AIEngine\GP\units' placment imp\Generic Multi Layer Classifier Neural Network\MLP\Debug\MLP.write.1.tlog
F:\AIEngine\GP\units' placment imp\Generic Multi Layer Classifier Neural Network\MLP\Debug\MLP_manifest.rc
F:\AIEngine\GP\units' placment imp\Generic Multi Layer Classifier Neural Network\MLP\Debug\mt.command.1.tlog
F:\AIEngine\GP\units' placment imp\Generic Multi Layer Classifier Neural Network\MLP\Debug\mt.read.1.tlog
F:\AIEngine\GP\units' placment imp\Generic Multi Layer Classifier Neural Network\MLP\Debug\mt.write.1.tlog
F:\AIENGINE\GP\UNITS' PLACMENT IMP\GENERIC MULTI LAYER CLASSIFIER NEURAL NETWORK\MLP\DEBUG\NEURALNETWORK.OBJ
F:\AIENGINE\GP\UNITS' PLACMENT IMP\GENERIC MULTI LAYER CLASSIFIER NEURAL NETWORK\MLP\DEBUG\NEURON.OBJ
F:\AIEngine\GP\units' placment imp\Generic Multi Layer Classifier Neural Network\MLP\Debug\rc.command.1.tlog
F:\AIEngine\GP\units' placment imp\Generic Multi Layer Classifier Neural Network\MLP\Debug\rc.read.1.tlog
F:\AIEngine\GP\units' placment imp\Generic Multi Layer Classifier Neural Network\MLP\Debug\rc.write.1.tlog
F:\AIEngine\GP\units' placment imp\Generic Multi Layer Classifier Neural Network\MLP\Debug\vc100.idb
F:\AIENGINE\GP\UNITS' PLACMENT IMP\GENERIC MULTI LAYER CLASSIFIER NEURAL NETWORK\MLP\DEBUG\VC100.PDB
