Build started 12/28/2013 1:11:16 AM.
     1>Project "F:\AIEngine\GP\units' placment imp\Generic Multi Layer Classifier Neural Network\MLP\MLP.vcxproj" on node 2 (build target(s)).
     1>InitializeBuildStatus:
         Creating "Debug\MLP.unsuccessfulbuild" because "AlwaysCreate" was specified.
       ClCompile:
         C:\Program Files (x86)\Microsoft Visual Studio 10.0\VC\bin\CL.exe /c /ZI /nologo /W3 /WX- /Od /Oy- /D WIN32 /D _DEBUG /D _CONSOLE /D _UNICODE /D UNICODE /Gm /EHsc /RTC1 /MDd /GS /fp:precise /Zc:wchar_t /Zc:forScope /openmp /Fo"Debug\\" /Fd"Debug\vc100.pdb" /Gd /TP /analyze- /errorReport:prompt main.cpp
         main.cpp
       ManifestResourceCompile:
         All outputs are up-to-date.
       Link:
         C:\Program Files (x86)\Microsoft Visual Studio 10.0\VC\bin\link.exe /ERRORREPORT:PROMPT /OUT:"F:\AIEngine\GP\units' placment imp\Generic Multi Layer Classifier Neural Network\Debug\MLP.exe" /INCREMENTAL /NOLOGO kernel32.lib user32.lib gdi32.lib winspool.lib comdlg32.lib advapi32.lib shell32.lib ole32.lib oleaut32.lib uuid.lib odbc32.lib odbccp32.lib /MANIFEST /ManifestFile:"Debug\MLP.exe.intermediate.manifest" /MANIFESTUAC:"level='asInvoker' uiAccess='false'" /DEBUG /PDB:"F:\AIEngine\GP\units' placment imp\Generic Multi Layer Classifier Neural Network\Debug\MLP.pdb" /SUBSYSTEM:CONSOLE /TLBID:1 /DYNAMICBASE /NXCOMPAT /IMPLIB:"F:\AIEngine\GP\units' placment imp\Generic Multi Layer Classifier Neural Network\Debug\MLP.lib" /MACHINE:X86 Debug\MLP.exe.embed.manifest.res
         Debug\FileReader.obj
         Debug\NeuralNetwork.obj
         Debug\Layer.obj
         Debug\main.obj
         Debug\Neuron.obj
       Manifest:
         C:\Program Files (x86)\Microsoft SDKs\Windows\v7.0A\bin\mt.exe /nologo /verbose /out:"Debug\MLP.exe.embed.manifest" /manifest Debug\MLP.exe.intermediate.manifest
         All outputs are up-to-date.
       LinkEmbedManifest:
         All outputs are up-to-date.
         MLP.vcxproj -> F:\AIEngine\GP\units' placment imp\Generic Multi Layer Classifier Neural Network\Debug\MLP.exe
       FinalizeBuildStatus:
         Deleting file "Debug\MLP.unsuccessfulbuild".
         Touching "Debug\MLP.lastbuildstate".
     1>Done Building Project "F:\AIEngine\GP\units' placment imp\Generic Multi Layer Classifier Neural Network\MLP\MLP.vcxproj" (build target(s)).

Build succeeded.

Time Elapsed 00:00:01.15
